Batch "dbi_652733d12d2" completed

Summary:
    Batch name  : dbi_652733d12d2 (Id: 10929)
    Directory   : /home/gulcehre/codes/python/arcade_universe/arcade_universe/arcade_universe/TMP_DBI/python_premade_pento64x64.py_12193885_20000_plain_pento64x64_20k_2012-06-06_13-09-54.892678
    Jobs total  : 1/1 (Submitted:1  Exited:1  Deleted:0)
    Submitted   : pbs:mp2:qwork@mp2 (1 times)
    Start time  : 2012-06-06 13:09:55
    Stop time   : 2012-06-06 22:56:27

Available commands:
    Show batches status       : bqstatus

===============================================================================
bqstatus v4.2.3                      © 2005 Centre de Calcul Scientifique, UdeS
===============================================================================
BatchId: 10929 (dbi_652733d12d2)                            2012-06-06 22:56:27

JobId  Job name         Queue                     Submitted  Waittime  Walltime
-------------------------------------------------------------------------------
54808.mp2.m  dbi_652733d12d2  mp2:qwork@mp2             13:09:56      31365      3819
-------------------------------------------------------------------------------

<!--
===============================================================================
Parameters used (<key>value</key>)
===============================================================================
-->
<bqsubmit>
  <batchName>dbi_652733d12d2</batchName>
  <bqForceSubmit>0</bqForceSubmit>
  <bqTemplateFiles>/opt/bqtools/4.2.3/etc/prejob.sh;/opt/bqtools/4.2.3/etc/postjob.sh</bqTemplateFiles>
  <command>sh launcher</command>
  <concurrentJobs>1</concurrentJobs>
  <linkFiles>launcher</linkFiles>
  <microJobs>24</microJobs>
  <nanoJobs>1</nanoJobs>
  <param1>(task, logfile) = load tasks, logfiles</param1>
  <paramSymLinks>1</paramSymLinks>
  <postBatch>rm -rf dbi_batch*.BQ ; rm -f logfiles tasks launcher bqsubmit.dat ;</postBatch>
  <postJob>#</postJob>
  <preBatch>rm -f _*.BQ</preBatch>
  <preJob>#</preJob>
  <queueName>qwork@mp2</queueName>
  <queueNameSuffix>@mp</queueNameSuffix>
  <remoteHost>Auto</remoteHost>
  <runJobsPerNode>24</runJobsPerNode>
  <submitOptions>-q qwork@mp2 -l ncpus=1,walltime=120:00:00</submitOptions>
  <templateFiles>launcher</templateFiles>
  <tmpDir>/ltmp/gulcehre</tmpDir>
</bqsubmit>
